<?xml version="1.0" encoding="UTF-8"?>
<testsuite xmlns:xsi="http://www.w3.org/2001/XMLSchema-instance" xsi:noNamespaceSchemaLocation="https://maven.apache.org/surefire/maven-surefire-plugin/xsd/surefire-test-report-3.0.xsd" version="3.0" name="Scenario: username and password match" time="18.182" tests="8" errors="0" skipped="0" failures="0">
  <properties>
    <property name="gopherProxySet" value="false"/>
    <property name="awt.toolkit" value="sun.lwawt.macosx.LWCToolkit"/>
    <property name="file.encoding.pkg" value="sun.io"/>
    <property name="java.specification.version" value="1.8"/>
    <property name="webdriver.chrome.driver" value="/Users/arisahazriaty/eclipse-workspace/SeleniumTesting/Lib/driver/chromedriver"/>
    <property name="sun.cpu.isalist" value=""/>
    <property name="sun.jnu.encoding" value="UTF-8"/>
    <property name="java.class.path" value="/Users/arisahazriaty/eclipse-workspace/OrangeHRM/target/test-classes:/Users/arisahazriaty/eclipse-workspace/OrangeHRM/target/classes:/Users/arisahazriaty/.m2/repository/io/cucumber/cucumber-java/6.9.1/cucumber-java-6.9.1.jar:/Users/arisahazriaty/.m2/repository/org/apiguardian/apiguardian-api/1.1.0/apiguardian-api-1.1.0.jar:/Users/arisahazriaty/.m2/repository/io/cucumber/cucumber-testng/6.9.1/cucumber-testng-6.9.1.jar:/Users/arisahazriaty/.m2/repository/org/testng/testng/7.3.0/testng-7.3.0.jar:/Users/arisahazriaty/.m2/repository/com/beust/jcommander/1.78/jcommander-1.78.jar:/Users/arisahazriaty/.m2/repository/org/apache/ant/ant/1.10.3/ant-1.10.3.jar:/Users/arisahazriaty/.m2/repository/org/apache/ant/ant-launcher/1.10.3/ant-launcher-1.10.3.jar:/Users/arisahazriaty/.m2/repository/com/google/inject/guice/4.2.2/guice-4.2.2-no_aop.jar:/Users/arisahazriaty/.m2/repository/javax/inject/javax.inject/1/javax.inject-1.jar:/Users/arisahazriaty/.m2/repository/aopalliance/aopalliance/1.0/aopalliance-1.0.jar:/Users/arisahazriaty/.m2/repository/org/yaml/snakeyaml/1.21/snakeyaml-1.21.jar:/Users/arisahazriaty/.m2/repository/io/cucumber/cucumber-core/6.9.1/cucumber-core-6.9.1.jar:/Users/arisahazriaty/.m2/repository/io/cucumber/cucumber-gherkin/6.9.1/cucumber-gherkin-6.9.1.jar:/Users/arisahazriaty/.m2/repository/io/cucumber/cucumber-gherkin-messages/6.9.1/cucumber-gherkin-messages-6.9.1.jar:/Users/arisahazriaty/.m2/repository/io/cucumber/messages/13.2.1/messages-13.2.1.jar:/Users/arisahazriaty/.m2/repository/io/cucumber/tag-expressions/3.0.0/tag-expressions-3.0.0.jar:/Users/arisahazriaty/.m2/repository/io/cucumber/cucumber-expressions/10.3.0/cucumber-expressions-10.3.0.jar:/Users/arisahazriaty/.m2/repository/io/cucumber/datatable/3.5.0/datatable-3.5.0.jar:/Users/arisahazriaty/.m2/repository/io/cucumber/cucumber-plugin/6.9.1/cucumber-plugin-6.9.1.jar:/Users/arisahazriaty/.m2/repository/io/cucumber/docstring/6.9.1/docstring-6.9.1.jar:/Users/arisahazriaty/.m2/repository/io/cucumber/html-formatter/9.0.0/html-formatter-9.0.0.jar:/Users/arisahazriaty/.m2/repository/io/cucumber/create-meta/2.0.4/create-meta-2.0.4.jar:/Users/arisahazriaty/.m2/repository/io/cucumber/cucumber-junit/6.9.1/cucumber-junit-6.9.1.jar:/Users/arisahazriaty/.m2/repository/org/seleniumhq/selenium/selenium-java/3.141.59/selenium-java-3.141.59.jar:/Users/arisahazriaty/.m2/repository/org/seleniumhq/selenium/selenium-api/3.141.59/selenium-api-3.141.59.jar:/Users/arisahazriaty/.m2/repository/org/seleniumhq/selenium/selenium-chrome-driver/3.141.59/selenium-chrome-driver-3.141.59.jar:/Users/arisahazriaty/.m2/repository/org/seleniumhq/selenium/selenium-edge-driver/3.141.59/selenium-edge-driver-3.141.59.jar:/Users/arisahazriaty/.m2/repository/org/seleniumhq/selenium/selenium-firefox-driver/3.141.59/selenium-firefox-driver-3.141.59.jar:/Users/arisahazriaty/.m2/repository/org/seleniumhq/selenium/selenium-ie-driver/3.141.59/selenium-ie-driver-3.141.59.jar:/Users/arisahazriaty/.m2/repository/org/seleniumhq/selenium/selenium-opera-driver/3.141.59/selenium-opera-driver-3.141.59.jar:/Users/arisahazriaty/.m2/repository/org/seleniumhq/selenium/selenium-remote-driver/3.141.59/selenium-remote-driver-3.141.59.jar:/Users/arisahazriaty/.m2/repository/org/seleniumhq/selenium/selenium-safari-driver/3.141.59/selenium-safari-driver-3.141.59.jar:/Users/arisahazriaty/.m2/repository/org/seleniumhq/selenium/selenium-support/3.141.59/selenium-support-3.141.59.jar:/Users/arisahazriaty/.m2/repository/net/bytebuddy/byte-buddy/1.8.15/byte-buddy-1.8.15.jar:/Users/arisahazriaty/.m2/repository/org/apache/commons/commons-exec/1.3/commons-exec-1.3.jar:/Users/arisahazriaty/.m2/repository/com/google/guava/guava/25.0-jre/guava-25.0-jre.jar:/Users/arisahazriaty/.m2/repository/com/google/code/findbugs/jsr305/1.3.9/jsr305-1.3.9.jar:/Users/arisahazriaty/.m2/repository/org/checkerframework/checker-compat-qual/2.0.0/checker-compat-qual-2.0.0.jar:/Users/arisahazriaty/.m2/repository/com/google/errorprone/error_prone_annotations/2.1.3/error_prone_annotations-2.1.3.jar:/Users/arisahazriaty/.m2/repository/com/google/j2objc/j2objc-annotations/1.1/j2objc-annotations-1.1.jar:/Users/arisahazriaty/.m2/repository/org/codehaus/mojo/animal-sniffer-annotations/1.14/animal-sniffer-annotations-1.14.jar:/Users/arisahazriaty/.m2/repository/com/squareup/okhttp3/okhttp/3.11.0/okhttp-3.11.0.jar:/Users/arisahazriaty/.m2/repository/com/squareup/okio/okio/1.14.0/okio-1.14.0.jar:/Users/arisahazriaty/.m2/repository/junit/junit/4.13.1/junit-4.13.1.jar:/Users/arisahazriaty/.m2/repository/org/hamcrest/hamcrest-core/1.3/hamcrest-core-1.3.jar:/Users/arisahazriaty/.m2/repository/org/apache/logging/log4j/log4j-core/2.14.0/log4j-core-2.14.0.jar:/Users/arisahazriaty/.m2/repository/org/apache/logging/log4j/log4j-api/2.14.0/log4j-api-2.14.0.jar:/Users/arisahazriaty/.m2/repository/org/apache/poi/poi-ooxml/3.9/poi-ooxml-3.9.jar:/Users/arisahazriaty/.m2/repository/org/apache/poi/poi-ooxml-schemas/3.9/poi-ooxml-schemas-3.9.jar:/Users/arisahazriaty/.m2/repository/org/apache/xmlbeans/xmlbeans/2.3.0/xmlbeans-2.3.0.jar:/Users/arisahazriaty/.m2/repository/stax/stax-api/1.0.1/stax-api-1.0.1.jar:/Users/arisahazriaty/.m2/repository/dom4j/dom4j/1.6.1/dom4j-1.6.1.jar:/Users/arisahazriaty/.m2/repository/org/apache/poi/poi/5.0.0/poi-5.0.0.jar:/Users/arisahazriaty/.m2/repository/org/slf4j/slf4j-api/1.7.30/slf4j-api-1.7.30.jar:/Users/arisahazriaty/.m2/repository/org/slf4j/jcl-over-slf4j/1.7.30/jcl-over-slf4j-1.7.30.jar:/Users/arisahazriaty/.m2/repository/commons-codec/commons-codec/1.15/commons-codec-1.15.jar:/Users/arisahazriaty/.m2/repository/org/apache/commons/commons-collections4/4.4/commons-collections4-4.4.jar:/Users/arisahazriaty/.m2/repository/org/apache/commons/commons-math3/3.6.1/commons-math3-3.6.1.jar:/Users/arisahazriaty/.m2/repository/com/zaxxer/SparseBitSet/1.2/SparseBitSet-1.2.jar:/Users/arisahazriaty/.m2/repository/xml-apis/xml-apis/1.0.b2/xml-apis-1.0.b2.jar:/Users/arisahazriaty/.m2/repository/info/cukes/cucumber-java/1.2.5/cucumber-java-1.2.5.jar:/Users/arisahazriaty/.m2/repository/info/cukes/cucumber-core/1.2.5/cucumber-core-1.2.5.jar:/Users/arisahazriaty/.m2/repository/info/cukes/cucumber-html/0.2.3/cucumber-html-0.2.3.jar:/Users/arisahazriaty/.m2/repository/info/cukes/cucumber-jvm-deps/1.0.5/cucumber-jvm-deps-1.0.5.jar:/Users/arisahazriaty/.m2/repository/info/cukes/gherkin/2.12.2/gherkin-2.12.2.jar:/Users/arisahazriaty/.m2/repository/info/cukes/cucumber-junit/1.2.5/cucumber-junit-1.2.5.jar:/Users/arisahazriaty/.m2/repository/xerces/xercesImpl/2.12.1/xercesImpl-2.12.1.jar:"/>
    <property name="java.vm.vendor" value="Oracle Corporation"/>
    <property name="sun.arch.data.model" value="64"/>
    <property name="java.vendor.url" value="http://java.oracle.com/"/>
    <property name="user.timezone" value="Asia/Jakarta"/>
    <property name="java.vm.specification.version" value="1.8"/>
    <property name="os.name" value="Mac OS X"/>
    <property name="user.country" value="ID"/>
    <property name="sun.java.launcher" value="SUN_STANDARD"/>
    <property name="sun.boot.library.path" value="/Library/Java/JavaVirtualMachines/jdk1.8.0_221.jdk/Contents/Home/jre/lib"/>
    <property name="sun.java.command" value="/Users/arisahazriaty/eclipse-workspace/OrangeHRM/target/surefire/surefirebooter5253700252527089641.jar /Users/arisahazriaty/eclipse-workspace/OrangeHRM/target/surefire 2021-09-02T20-29-15_777-jvmRun1 surefire5414723390709230381tmp surefire_03010148796634138324tmp"/>
    <property name="surefire.test.class.path" value="/Users/arisahazriaty/eclipse-workspace/OrangeHRM/target/test-classes:/Users/arisahazriaty/eclipse-workspace/OrangeHRM/target/classes:/Users/arisahazriaty/.m2/repository/io/cucumber/cucumber-java/6.9.1/cucumber-java-6.9.1.jar:/Users/arisahazriaty/.m2/repository/org/apiguardian/apiguardian-api/1.1.0/apiguardian-api-1.1.0.jar:/Users/arisahazriaty/.m2/repository/io/cucumber/cucumber-testng/6.9.1/cucumber-testng-6.9.1.jar:/Users/arisahazriaty/.m2/repository/org/testng/testng/7.3.0/testng-7.3.0.jar:/Users/arisahazriaty/.m2/repository/com/beust/jcommander/1.78/jcommander-1.78.jar:/Users/arisahazriaty/.m2/repository/org/apache/ant/ant/1.10.3/ant-1.10.3.jar:/Users/arisahazriaty/.m2/repository/org/apache/ant/ant-launcher/1.10.3/ant-launcher-1.10.3.jar:/Users/arisahazriaty/.m2/repository/com/google/inject/guice/4.2.2/guice-4.2.2-no_aop.jar:/Users/arisahazriaty/.m2/repository/javax/inject/javax.inject/1/javax.inject-1.jar:/Users/arisahazriaty/.m2/repository/aopalliance/aopalliance/1.0/aopalliance-1.0.jar:/Users/arisahazriaty/.m2/repository/org/yaml/snakeyaml/1.21/snakeyaml-1.21.jar:/Users/arisahazriaty/.m2/repository/io/cucumber/cucumber-core/6.9.1/cucumber-core-6.9.1.jar:/Users/arisahazriaty/.m2/repository/io/cucumber/cucumber-gherkin/6.9.1/cucumber-gherkin-6.9.1.jar:/Users/arisahazriaty/.m2/repository/io/cucumber/cucumber-gherkin-messages/6.9.1/cucumber-gherkin-messages-6.9.1.jar:/Users/arisahazriaty/.m2/repository/io/cucumber/messages/13.2.1/messages-13.2.1.jar:/Users/arisahazriaty/.m2/repository/io/cucumber/tag-expressions/3.0.0/tag-expressions-3.0.0.jar:/Users/arisahazriaty/.m2/repository/io/cucumber/cucumber-expressions/10.3.0/cucumber-expressions-10.3.0.jar:/Users/arisahazriaty/.m2/repository/io/cucumber/datatable/3.5.0/datatable-3.5.0.jar:/Users/arisahazriaty/.m2/repository/io/cucumber/cucumber-plugin/6.9.1/cucumber-plugin-6.9.1.jar:/Users/arisahazriaty/.m2/repository/io/cucumber/docstring/6.9.1/docstring-6.9.1.jar:/Users/arisahazriaty/.m2/repository/io/cucumber/html-formatter/9.0.0/html-formatter-9.0.0.jar:/Users/arisahazriaty/.m2/repository/io/cucumber/create-meta/2.0.4/create-meta-2.0.4.jar:/Users/arisahazriaty/.m2/repository/io/cucumber/cucumber-junit/6.9.1/cucumber-junit-6.9.1.jar:/Users/arisahazriaty/.m2/repository/org/seleniumhq/selenium/selenium-java/3.141.59/selenium-java-3.141.59.jar:/Users/arisahazriaty/.m2/repository/org/seleniumhq/selenium/selenium-api/3.141.59/selenium-api-3.141.59.jar:/Users/arisahazriaty/.m2/repository/org/seleniumhq/selenium/selenium-chrome-driver/3.141.59/selenium-chrome-driver-3.141.59.jar:/Users/arisahazriaty/.m2/repository/org/seleniumhq/selenium/selenium-edge-driver/3.141.59/selenium-edge-driver-3.141.59.jar:/Users/arisahazriaty/.m2/repository/org/seleniumhq/selenium/selenium-firefox-driver/3.141.59/selenium-firefox-driver-3.141.59.jar:/Users/arisahazriaty/.m2/repository/org/seleniumhq/selenium/selenium-ie-driver/3.141.59/selenium-ie-driver-3.141.59.jar:/Users/arisahazriaty/.m2/repository/org/seleniumhq/selenium/selenium-opera-driver/3.141.59/selenium-opera-driver-3.141.59.jar:/Users/arisahazriaty/.m2/repository/org/seleniumhq/selenium/selenium-remote-driver/3.141.59/selenium-remote-driver-3.141.59.jar:/Users/arisahazriaty/.m2/repository/org/seleniumhq/selenium/selenium-safari-driver/3.141.59/selenium-safari-driver-3.141.59.jar:/Users/arisahazriaty/.m2/repository/org/seleniumhq/selenium/selenium-support/3.141.59/selenium-support-3.141.59.jar:/Users/arisahazriaty/.m2/repository/net/bytebuddy/byte-buddy/1.8.15/byte-buddy-1.8.15.jar:/Users/arisahazriaty/.m2/repository/org/apache/commons/commons-exec/1.3/commons-exec-1.3.jar:/Users/arisahazriaty/.m2/repository/com/google/guava/guava/25.0-jre/guava-25.0-jre.jar:/Users/arisahazriaty/.m2/repository/com/google/code/findbugs/jsr305/1.3.9/jsr305-1.3.9.jar:/Users/arisahazriaty/.m2/repository/org/checkerframework/checker-compat-qual/2.0.0/checker-compat-qual-2.0.0.jar:/Users/arisahazriaty/.m2/repository/com/google/errorprone/error_prone_annotations/2.1.3/error_prone_annotations-2.1.3.jar:/Users/arisahazriaty/.m2/repository/com/google/j2objc/j2objc-annotations/1.1/j2objc-annotations-1.1.jar:/Users/arisahazriaty/.m2/repository/org/codehaus/mojo/animal-sniffer-annotations/1.14/animal-sniffer-annotations-1.14.jar:/Users/arisahazriaty/.m2/repository/com/squareup/okhttp3/okhttp/3.11.0/okhttp-3.11.0.jar:/Users/arisahazriaty/.m2/repository/com/squareup/okio/okio/1.14.0/okio-1.14.0.jar:/Users/arisahazriaty/.m2/repository/junit/junit/4.13.1/junit-4.13.1.jar:/Users/arisahazriaty/.m2/repository/org/hamcrest/hamcrest-core/1.3/hamcrest-core-1.3.jar:/Users/arisahazriaty/.m2/repository/org/apache/logging/log4j/log4j-core/2.14.0/log4j-core-2.14.0.jar:/Users/arisahazriaty/.m2/repository/org/apache/logging/log4j/log4j-api/2.14.0/log4j-api-2.14.0.jar:/Users/arisahazriaty/.m2/repository/org/apache/poi/poi-ooxml/3.9/poi-ooxml-3.9.jar:/Users/arisahazriaty/.m2/repository/org/apache/poi/poi-ooxml-schemas/3.9/poi-ooxml-schemas-3.9.jar:/Users/arisahazriaty/.m2/repository/org/apache/xmlbeans/xmlbeans/2.3.0/xmlbeans-2.3.0.jar:/Users/arisahazriaty/.m2/repository/stax/stax-api/1.0.1/stax-api-1.0.1.jar:/Users/arisahazriaty/.m2/repository/dom4j/dom4j/1.6.1/dom4j-1.6.1.jar:/Users/arisahazriaty/.m2/repository/org/apache/poi/poi/5.0.0/poi-5.0.0.jar:/Users/arisahazriaty/.m2/repository/org/slf4j/slf4j-api/1.7.30/slf4j-api-1.7.30.jar:/Users/arisahazriaty/.m2/repository/org/slf4j/jcl-over-slf4j/1.7.30/jcl-over-slf4j-1.7.30.jar:/Users/arisahazriaty/.m2/repository/commons-codec/commons-codec/1.15/commons-codec-1.15.jar:/Users/arisahazriaty/.m2/repository/org/apache/commons/commons-collections4/4.4/commons-collections4-4.4.jar:/Users/arisahazriaty/.m2/repository/org/apache/commons/commons-math3/3.6.1/commons-math3-3.6.1.jar:/Users/arisahazriaty/.m2/repository/com/zaxxer/SparseBitSet/1.2/SparseBitSet-1.2.jar:/Users/arisahazriaty/.m2/repository/xml-apis/xml-apis/1.0.b2/xml-apis-1.0.b2.jar:/Users/arisahazriaty/.m2/repository/info/cukes/cucumber-java/1.2.5/cucumber-java-1.2.5.jar:/Users/arisahazriaty/.m2/repository/info/cukes/cucumber-core/1.2.5/cucumber-core-1.2.5.jar:/Users/arisahazriaty/.m2/repository/info/cukes/cucumber-html/0.2.3/cucumber-html-0.2.3.jar:/Users/arisahazriaty/.m2/repository/info/cukes/cucumber-jvm-deps/1.0.5/cucumber-jvm-deps-1.0.5.jar:/Users/arisahazriaty/.m2/repository/info/cukes/gherkin/2.12.2/gherkin-2.12.2.jar:/Users/arisahazriaty/.m2/repository/info/cukes/cucumber-junit/1.2.5/cucumber-junit-1.2.5.jar:/Users/arisahazriaty/.m2/repository/xerces/xercesImpl/2.12.1/xercesImpl-2.12.1.jar:"/>
    <property name="sun.cpu.endian" value="little"/>
    <property name="user.home" value="/Users/arisahazriaty"/>
    <property name="user.language" value="en"/>
    <property name="java.specification.vendor" value="Oracle Corporation"/>
    <property name="java.home" value="/Library/Java/JavaVirtualMachines/jdk1.8.0_221.jdk/Contents/Home/jre"/>
    <property name="basedir" value="/Users/arisahazriaty/eclipse-workspace/OrangeHRM"/>
    <property name="file.separator" value="/"/>
    <property name="line.separator" value="&#10;"/>
    <property name="java.vm.specification.vendor" value="Oracle Corporation"/>
    <property name="java.specification.name" value="Java Platform API Specification"/>
    <property name="java.awt.graphicsenv" value="sun.awt.CGraphicsEnvironment"/>
    <property name="surefire.real.class.path" value="/Users/arisahazriaty/eclipse-workspace/OrangeHRM/target/surefire/surefirebooter5253700252527089641.jar"/>
    <property name="sun.boot.class.path" value="/Library/Java/JavaVirtualMachines/jdk1.8.0_221.jdk/Contents/Home/jre/lib/resources.jar:/Library/Java/JavaVirtualMachines/jdk1.8.0_221.jdk/Contents/Home/jre/lib/rt.jar:/Library/Java/JavaVirtualMachines/jdk1.8.0_221.jdk/Contents/Home/jre/lib/sunrsasign.jar:/Library/Java/JavaVirtualMachines/jdk1.8.0_221.jdk/Contents/Home/jre/lib/jsse.jar:/Library/Java/JavaVirtualMachines/jdk1.8.0_221.jdk/Contents/Home/jre/lib/jce.jar:/Library/Java/JavaVirtualMachines/jdk1.8.0_221.jdk/Contents/Home/jre/lib/charsets.jar:/Library/Java/JavaVirtualMachines/jdk1.8.0_221.jdk/Contents/Home/jre/lib/jfr.jar:/Library/Java/JavaVirtualMachines/jdk1.8.0_221.jdk/Contents/Home/jre/classes"/>
    <property name="sun.management.compiler" value="HotSpot 64-Bit Tiered Compilers"/>
    <property name="java.runtime.version" value="1.8.0_221-b11"/>
    <property name="user.name" value="arisahazriaty"/>
    <property name="path.separator" value=":"/>
    <property name="os.version" value="10.15.5"/>
    <property name="java.endorsed.dirs" value="/Library/Java/JavaVirtualMachines/jdk1.8.0_221.jdk/Contents/Home/jre/lib/endorsed"/>
    <property name="java.runtime.name" value="Java(TM) SE Runtime Environment"/>
    <property name="file.encoding" value="UTF-8"/>
    <property name="java.vm.name" value="Java HotSpot(TM) 64-Bit Server VM"/>
    <property name="localRepository" value="/Users/arisahazriaty/.m2/repository"/>
    <property name="java.vendor.url.bug" value="http://bugreport.sun.com/bugreport/"/>
    <property name="java.io.tmpdir" value="/var/folders/r9/x26cy6x527l7hmrdgktfnhk80000gp/T/"/>
    <property name="java.version" value="1.8.0_221"/>
    <property name="user.dir" value="/Users/arisahazriaty/eclipse-workspace/OrangeHRM"/>
    <property name="os.arch" value="x86_64"/>
    <property name="java.vm.specification.name" value="Java Virtual Machine Specification"/>
    <property name="java.awt.printerjob" value="sun.lwawt.macosx.CPrinterJob"/>
    <property name="sun.os.patch.level" value="unknown"/>
    <property name="java.library.path" value="/Users/arisahazriaty/Library/Java/Extensions:/Library/Java/Extensions:/Network/Library/Java/Extensions:/System/Library/Java/Extensions:/usr/lib/java:."/>
    <property name="java.vm.info" value="mixed mode"/>
    <property name="java.vendor" value="Oracle Corporation"/>
    <property name="java.vm.version" value="25.221-b11"/>
    <property name="java.ext.dirs" value="/Users/arisahazriaty/Library/Java/Extensions:/Library/Java/JavaVirtualMachines/jdk1.8.0_221.jdk/Contents/Home/jre/lib/ext:/Library/Java/Extensions:/Network/Library/Java/Extensions:/System/Library/Java/Extensions:/usr/lib/java"/>
    <property name="sun.io.unicode.encoding" value="UnicodeBig"/>
    <property name="java.class.version" value="52.0"/>
  </properties>
  <testcase name="Given user open the web page" classname="Scenario: username and password not match" time="0.001">
    <system-out><![CDATA[@LoginValidInvalid @Orangehrm
Feature: Login
]]></system-out>
    <system-err><![CDATA[Starting ChromeDriver 92.0.4515.107 (87a818b10553a07434ea9e2b6dccf3cbe7895134-refs/branch-hea[16305ds/8495359.615@{#1634}) on 6port 63]633[1WARNING]: FromSoc
kOAddr failed on netmaskn
ly local connections are allowed.
Please see https://chromedriver.chromium.org/security-considerations for suggestions on keeping ChromeDriver safe.
ChromeDriver was started successfully.
Sep 02, 2021 8:29:21 PM org.openqa.selenium.remote.ProtocolHandshake createSession
INFO: Detected dialect: W3C
]]></system-err>
  </testcase>
  <testcase name="When user input invalid username and password" classname="Scenario: username and password not match" time="0"/>
  <testcase name="Then user see error message" classname="Scenario: username and password not match" time="0"/>
  <testcase name="" classname="Scenario: username and password not match" time="0.129"/>
  <testcase name="Given user open the web page" classname="Scenario: username and password match" time="0">
    <system-out><![CDATA[
  @NegativeCase
  Scenario: username and password not match       &amp#27;[90m# Features/Login.feature:5&amp#27;[0m
    &amp#27;[32mGiven &amp#27;[0m&amp#27;[32muser open the web page&amp#27;[0m                  &amp#27;[90m# LoginOrangesSteps.user_open_the_web_page()&amp#27;[0m
    &amp#27;[32mWhen &amp#27;[0m&amp#27;[32muser input invalid username and password&amp#27;[0m &amp#27;[90m# LoginOrangesSteps.user_input_invalid_username_and_password()&amp#27;[0m
    &amp#27;[32mThen &amp#27;[0m&amp#27;[32muser see error message&amp#27;[0m                   &amp#27;[90m# LoginOrangesSteps.user_see_error_message()&amp#27;[0m
]]></system-out>
    <system-err><![CDATA[Starting ChromeDriver 92.0.4515.107 (87a818b10553a07434ea9e2b6dccf3cbe7895134-refs/branch-heads/4515@{#1634}) on port 17064
Only local connections are allowed.
Please see https://chromedriver.chromium.org/security-considerations for [s1uggesti6ons on keeping ChromeDriver safe.
ChromeDriv3er was started successfully.
0589367.709][WARNING]: FromSockAddr failed on netmask
Sep 02, 2021 8:29:29 PM org.openqa.selenium.remote.ProtocolHandshake createSession
INFO: Detected dialect: W3C
]]></system-err>
  </testcase>
  <testcase name="When user input &quot;admin&quot; as username and &quot;admin123&quot; as password" classname="Scenario: username and password match" time="0"/>
  <testcase name="Then user see dashboard page" classname="Scenario: username and password match" time="0"/>
  <testcase name="" classname="Scenario: username and password match" time="0.121"/>
</testsuite>